2023-11-28 21:44:08,770 - [INFO] - тестовое приложение - logger - (Фт-220007 Корпусев.py).<module>(12) - Программа запущена
2023-11-28 21:44:13,164 - [INFO] - тестовое приложение - logger - (Фт-220007 Корпусев.py).<module>(15) - Пользователь ввел количество бочек: 7
2023-11-28 21:44:15,752 - [INFO] - тестовое приложение - logger - (Фт-220007 Корпусев.py).<module>(21) - Пользователь ввел количество бочек,которые надо вытянуть и убрать в сторону: 4.
2023-11-28 21:44:17,823 - [INFO] - тестовое приложение - logger - (Фт-220007 Корпусев.py).<module>(26) - Пользователь ввел номер бочонка: 2
2023-11-28 21:44:17,824 - [INFO] - тестовое приложение - logger - (Фт-220007 Корпусев.py).<module>(30) - Пользователь вытянул и убрал бочонок 2 в [2].
2023-11-28 21:44:18,424 - [INFO] - тестовое приложение - logger - (Фт-220007 Корпусев.py).<module>(26) - Пользователь ввел номер бочонка: 3
2023-11-28 21:44:18,424 - [INFO] - тестовое приложение - logger - (Фт-220007 Корпусев.py).<module>(30) - Пользователь вытянул и убрал бочонок 3 в [2, 3].
2023-11-28 21:44:19,266 - [INFO] - тестовое приложение - logger - (Фт-220007 Корпусев.py).<module>(26) - Пользователь ввел номер бочонка: 4
2023-11-28 21:44:19,266 - [INFO] - тестовое приложение - logger - (Фт-220007 Корпусев.py).<module>(30) - Пользователь вытянул и убрал бочонок 4 в [2, 3, 4].
2023-11-28 21:44:20,244 - [INFO] - тестовое приложение - logger - (Фт-220007 Корпусев.py).<module>(26) - Пользователь ввел номер бочонка: 5
2023-11-28 21:44:20,244 - [INFO] - тестовое приложение - logger - (Фт-220007 Корпусев.py).<module>(30) - Пользователь вытянул и убрал бочонок 5 в [2, 3, 4, 5].
2023-11-28 21:44:21,438 - [INFO] - тестовое приложение - logger - (Фт-220007 Корпусев.py).<module>(63) - Программа завершила работу.
2023-11-28 21:46:45,061 - [INFO] - тестовое приложение - logger - (Фт-220007 Корпусев.py).<module>(12) - Программа запущена
2023-11-28 21:46:47,939 - [INFO] - тестовое приложение - logger - (Фт-220007 Корпусев.py).<module>(15) - Пользователь ввел количество бочек: 13
2023-11-28 21:46:53,988 - [INFO] - тестовое приложение - logger - (Фт-220007 Корпусев.py).<module>(21) - Пользователь ввел количество бочек,которые надо вытянуть и убрать в сторону: 7.
2023-11-28 21:46:56,944 - [INFO] - тестовое приложение - logger - (Фт-220007 Корпусев.py).<module>(26) - Пользователь ввел номер бочонка: 3
2023-11-28 21:46:56,944 - [INFO] - тестовое приложение - logger - (Фт-220007 Корпусев.py).<module>(30) - Пользователь вытянул и убрал бочонок 3 в [3].
2023-11-28 21:46:58,164 - [INFO] - тестовое приложение - logger - (Фт-220007 Корпусев.py).<module>(26) - Пользователь ввел номер бочонка: 6
2023-11-28 21:46:58,164 - [INFO] - тестовое приложение - logger - (Фт-220007 Корпусев.py).<module>(30) - Пользователь вытянул и убрал бочонок 6 в [3, 6].
2023-11-28 21:46:59,497 - [INFO] - тестовое приложение - logger - (Фт-220007 Корпусев.py).<module>(26) - Пользователь ввел номер бочонка: 8
2023-11-28 21:46:59,497 - [INFO] - тестовое приложение - logger - (Фт-220007 Корпусев.py).<module>(30) - Пользователь вытянул и убрал бочонок 8 в [3, 6, 8].
2023-11-28 21:47:01,123 - [INFO] - тестовое приложение - logger - (Фт-220007 Корпусев.py).<module>(26) - Пользователь ввел номер бочонка: 9
2023-11-28 21:47:01,123 - [INFO] - тестовое приложение - logger - (Фт-220007 Корпусев.py).<module>(30) - Пользователь вытянул и убрал бочонок 9 в [3, 6, 8, 9].
2023-11-28 21:47:04,277 - [INFO] - тестовое приложение - logger - (Фт-220007 Корпусев.py).<module>(26) - Пользователь ввел номер бочонка: 13
2023-11-28 21:47:04,277 - [INFO] - тестовое приложение - logger - (Фт-220007 Корпусев.py).<module>(30) - Пользователь вытянул и убрал бочонок 13 в [3, 6, 8, 9, 13].
2023-11-28 21:47:07,386 - [INFO] - тестовое приложение - logger - (Фт-220007 Корпусев.py).<module>(26) - Пользователь ввел номер бочонка: 2
2023-11-28 21:47:07,386 - [INFO] - тестовое приложение - logger - (Фт-220007 Корпусев.py).<module>(30) - Пользователь вытянул и убрал бочонок 2 в [3, 6, 8, 9, 13, 2].
2023-11-28 21:47:09,551 - [INFO] - тестовое приложение - logger - (Фт-220007 Корпусев.py).<module>(26) - Пользователь ввел номер бочонка: 4
2023-11-28 21:47:09,553 - [INFO] - тестовое приложение - logger - (Фт-220007 Корпусев.py).<module>(30) - Пользователь вытянул и убрал бочонок 4 в [3, 6, 8, 9, 13, 2, 4].
2023-11-28 21:47:10,808 - [INFO] - тестовое приложение - logger - (Фт-220007 Корпусев.py).<module>(63) - Программа завершила работу.
2023-11-28 21:47:49,433 - [INFO] - тестовое приложение - logger - (Фт-220007 Корпусев.py).<module>(12) - Программа запущена
2023-11-28 21:47:53,406 - [INFO] - тестовое приложение - logger - (Фт-220007 Корпусев.py).<module>(15) - Пользователь ввел количество бочек: 25
2023-11-28 21:47:56,131 - [INFO] - тестовое приложение - logger - (Фт-220007 Корпусев.py).<module>(21) - Пользователь ввел количество бочек,которые надо вытянуть и убрать в сторону: 10.
2023-11-28 21:47:59,447 - [INFO] - тестовое приложение - logger - (Фт-220007 Корпусев.py).<module>(26) - Пользователь ввел номер бочонка: 2
2023-11-28 21:47:59,447 - [INFO] - тестовое приложение - logger - (Фт-220007 Корпусев.py).<module>(30) - Пользователь вытянул и убрал бочонок 2 в [2].
2023-11-28 21:48:01,950 - [INFO] - тестовое приложение - logger - (Фт-220007 Корпусев.py).<module>(26) - Пользователь ввел номер бочонка: 17
2023-11-28 21:48:01,951 - [INFO] - тестовое приложение - logger - (Фт-220007 Корпусев.py).<module>(30) - Пользователь вытянул и убрал бочонок 17 в [2, 17].
2023-11-28 21:48:03,964 - [INFO] - тестовое приложение - logger - (Фт-220007 Корпусев.py).<module>(26) - Пользователь ввел номер бочонка: 21
2023-11-28 21:48:03,964 - [INFO] - тестовое приложение - logger - (Фт-220007 Корпусев.py).<module>(30) - Пользователь вытянул и убрал бочонок 21 в [2, 17, 21].
2023-11-28 21:48:07,478 - [INFO] - тестовое приложение - logger - (Фт-220007 Корпусев.py).<module>(26) - Пользователь ввел номер бочонка: 5
2023-11-28 21:48:07,478 - [INFO] - тестовое приложение - logger - (Фт-220007 Корпусев.py).<module>(30) - Пользователь вытянул и убрал бочонок 5 в [2, 17, 21, 5].
2023-11-28 21:48:09,225 - [INFO] - тестовое приложение - logger - (Фт-220007 Корпусев.py).<module>(26) - Пользователь ввел номер бочонка: 6
2023-11-28 21:48:09,226 - [INFO] - тестовое приложение - logger - (Фт-220007 Корпусев.py).<module>(30) - Пользователь вытянул и убрал бочонок 6 в [2, 17, 21, 5, 6].
2023-11-28 21:48:11,569 - [INFO] - тестовое приложение - logger - (Фт-220007 Корпусев.py).<module>(26) - Пользователь ввел номер бочонка: 23
2023-11-28 21:48:11,569 - [INFO] - тестовое приложение - logger - (Фт-220007 Корпусев.py).<module>(30) - Пользователь вытянул и убрал бочонок 23 в [2, 17, 21, 5, 6, 23].
2023-11-28 21:48:14,159 - [INFO] - тестовое приложение - logger - (Фт-220007 Корпусев.py).<module>(26) - Пользователь ввел номер бочонка: 11
2023-11-28 21:48:14,159 - [INFO] - тестовое приложение - logger - (Фт-220007 Корпусев.py).<module>(30) - Пользователь вытянул и убрал бочонок 11 в [2, 17, 21, 5, 6, 23, 11].
2023-11-28 21:48:16,766 - [INFO] - тестовое приложение - logger - (Фт-220007 Корпусев.py).<module>(26) - Пользователь ввел номер бочонка: 15
2023-11-28 21:48:16,766 - [INFO] - тестовое приложение - logger - (Фт-220007 Корпусев.py).<module>(30) - Пользователь вытянул и убрал бочонок 15 в [2, 17, 21, 5, 6, 23, 11, 15].
2023-11-28 21:48:20,492 - [INFO] - тестовое приложение - logger - (Фт-220007 Корпусев.py).<module>(26) - Пользователь ввел номер бочонка: 18
2023-11-28 21:48:20,492 - [INFO] - тестовое приложение - logger - (Фт-220007 Корпусев.py).<module>(30) - Пользователь вытянул и убрал бочонок 18 в [2, 17, 21, 5, 6, 23, 11, 15, 18].
2023-11-28 21:48:24,104 - [INFO] - тестовое приложение - logger - (Фт-220007 Корпусев.py).<module>(26) - Пользователь ввел номер бочонка: 20
2023-11-28 21:48:24,104 - [INFO] - тестовое приложение - logger - (Фт-220007 Корпусев.py).<module>(30) - Пользователь вытянул и убрал бочонок 20 в [2, 17, 21, 5, 6, 23, 11, 15, 18, 20].
2023-11-28 21:48:25,427 - [INFO] - тестовое приложение - logger - (Фт-220007 Корпусев.py).<module>(63) - Программа завершила работу.
